 1177  docker ps
 1178  ./create_index.sh 
 1179  docker ps
 1180  docker stop
 1181  docker stop 1029ae680b57
 1182  docker ps
 1183  vi docker-compose.yml
 1184  docker-compose up es
 1185  vi create_index.sh 
 1186  ./create_index.sh
 1187  docker ps
 1188  ls
 1189  vi docker-compose.yml 
 1190  git log
 1191  docker ps
 1192  docker stop 31d6b03
 1193  docker-contains up es
 1194  docker-contain up es
 1195  docker-compose up es
 1196  cd ~/go/src
 1197  cd tilenol
 1198  cd example
 1199  ls
 1200  tilenol run -x
 1201  vi tilenol.yml 
 1202  tilenol run -x
 1203  ls
 1204  vi tilenol.yml
 1205  ./create_index.sh 
 1206  tilenol run -x
 1207  vi tilenol.yml 
 1208  tilenol run -x
 1209  gedit tilenol.yml 
 1210  tilenol run -x
 1211  gedit tilenol.yml 
 1212  tilenol run -x
 1213  cd ~/go/src
 1214  ls
 1215  cd tilenol
 1216  ls
 1217  cd example
 1218  ls
 1219  cd /usr/local/bin
 1220  atom geojson2tilenoljson.py
 1221  cd ~/go/src
 1222  cd example
 1223  ls
 1224  cd tilenol
 1225  ls
 1226  tilenol run -x
 1227  cd example/
 1228  tilenol run -x
 1229  a
 1230  fuser -i 3000/tcp
 1231  vi README.md
 1232  ls
 1233  vi index.html
 1234  vi index_bak.html 
 1235  grep -i -l 
 1236  grep -i -l "geo_shape" *.*
 1237  vi schema.json
 1238  curl -XDELETE "localhost:9200/buildings"
 1239  grep -i -l "geo_shape" *.*
 1240  git checkout schema.json
 1241  vi schema.json
 1242  curl -XDELETE "localhost:9200/buildings"
 1243  vi create_index.sh 
 1244  ls
 1245  vi data.ndjson 
 1246  ./create_schema.sh
 1247  ./create_index.sh 
 1248  vi tilenol.yml 
 1249  vi tilenol.yml
 1250  ls
 1251  cd ~/go/src/tilenol/example
 1252  ls
 1253  vi tilenol.yml
 1254  tilenol run -x
 1255  :
 1256  ./create_index.sh 
 1257  tilenol run -x
 1258  ls
 1259  vi create_index.sh 
 1260  vi data.ndjson 
 1261  ./create_index.sh
 1262  ls
 1263  vi tilenol.yml 
 1264  ls
 1265  tilenol run -x
 1266  git log
 1267  w
 1268  git status
 1269  git checkout tilenol.yml
 1270  git status
 1271  tilenol run -x
 1272  netstat
 1273  netstat > out.txt
 1274  vi out.txt
 1275  service kibana stop
 1276  curl -XDELETE "localhost:9200/.kibana"
 1277  service start kibana
 1278  servicectl start kibana
 1279  service kibana start
 1280  ls
 1281  cd ~/go/src
 1282  ls
 1283  cd tilenol
 1284  ls
 1285  cd example
 1286  ls
 1287  tilenol run -x
 1288  go version
 1289  cd 
 1290  cd /home/David
 1291  cd /home/david/Desktop
 1292  ls
 1293  ls -l tilenol.gz 
 1294  tar -xvf tilenol.gz
 1295  cd tilenol/
 1296  ls
 1297  cd ~/go/src
 1298  ls
 1299  cd tilenol
 1300  ls
 1301  cd example/
 1302  ls
 1303  cd schema.json
 1304  vi schema.json 
 1305  vi docker-compose.yml
 1306  curl -XDELETE "localhost:9200/buildings"
 1307  docker ps
 1308  ./create_index.sh
 1309  ls
 1310  docker ps
 1311  vi create_index.sh
 1312  docker ps
 1313  service elasticsearch stop
 1314  ./create_index.sh
 1315  docker ps
 1316  ./create_index.sh 
 1317  vi create_index.sh 
 1318  elastic --version
 1319  elastic -v
 1320  set network.host
 1321  ./create_index.sh 
 1322  ls
 1323  vi README.md 
 1324  docker-compose up es
 1325  curl -XDELETE "localhost:9200/buildings"
 1326  docker-compose up es
 1327  ls
 1328  vi docker-compose.yml 
 1329  docker-compose up es
 1330  cd ..
 1331  ls
 1332  cd vendor/
 1333  ls
 1334  cd github.com/
 1335  ls
 1336  cd olivere/
 1337  ls
 1338  cd elastic/
 1339  ls
 1340  ls v*
 1341  vi client.go 
 1342  cd ../../../..
 1343  ls -l
 1344  vi server.go
 1345  vi es.go
 1346  vi server.go
 1347  vi es.go
 1348  grep -i "olivere" *.go
 1349  git status
 1350  docker-compose up es
 1351  cd example/
 1352  docker-compose up es
 1353  ls
 1354  git status
 1355  vi es.go
 1356  cd ..
 1357  vi es.go
 1358  git checkout es.go
 1359  git status
 1360  git checkout master
 1361  git log
 1362  ;s
 1363  ls
 1364  cd ..
 1365  ls -l
 1366  gunzip tilenol tilenol.gz
 1367  gzip tilenol tilenol.gz
 1368  gzip
 1369  ls
 1370  gzip tilneol
 1371  tar -zcvf tilenol.gz tilenol
 1372  ls -l --block-size=M
 1373  cp tilenol.gz /home/david/Desktop
 1374  ls
 1375  nautilus .
 1376  cd /home/david/Desktop
 1377  ls tile*
 1378  rm tilenol.gz
 1379  cd ~/go/src
 1380  ls
 1381  ls -l
 1382  nautilus .
 1383  ls
 1384  chmod 777 tilenol.gz
 1385  ls
 1386  nautilus 
 1387  nautilus .
 1388  ls
 1389  mv tilenol.gz /home/david/Desktop/tilenol.gz
 1390  ls
 1391  cd $GOPATH
 1392  cd ..
 1393  cd go
 1394  cd src
 1395  cd tile
 1396  cd tilenol/
 1397  cd platform
 1398  cd ..
 1399  mv go/src/tilenol .
 1400  cd tilenol
 1401  go mod init
 1402  ls
 1403  vi go.mod
 1404  go mod tidy
 1405  vi go.mod
 1406  go mod tidy
 1407  vi go.mod
 1408  go mod tidy
 1409  vi go.mod
 1410  :q
 1411  vi go.mod
 1412  go mod init
 1413  rm go.mod
 1414  go mod init
 1415  vi go.mod
 1416  ls
 1417  grep -i 'yaml.v2' *.go
 1418  vi config.go
 1419  rm go.mod
 1420  go mod init
 1421  vi go.mod
 1422  vi config.go
 1423  ls
 1424  rm go.mod
 1425  go mod init
 1426  vi go.mod
 1427  go build
 1428  vi go.mod
 1429  go build
 1430  ls
 1431  grep -i "yaml.v2" *.*
 1432  vi config.go
 1433  vi Gopkg.lock
 1434  grep -i "yaml.v2" *.*
 1435  vi Gopkg.toml
 1436  ls
 1437  vi go.mod
 1438  go mod tidy
 1439  grep -i "yaml.v3" *.*
 1440  rm go.mod
 1441  init go.mod
 1442  go build
 1443  init go.mod
 1444  go mod init
 1445  ls
 1446  vi go.mod
 1447  go mod tidy
 1448  rm go.mod
 1449  vi Gopkg.lock
 1450  vi Gopkg.toml
 1451  vi config.go
 1452  go mod init
 1453  vi go.mod
 1454  go mod tidy
 1455  go build
 1456  go get gopkg.in/yaml.v3
 1457  ls
 1458  git status
 1459  rm go.mod
 1460  git status
 1461  ls -l
 1462  go mod init
 1463  ls *.lock
 1464  ls -l *.lock
 1465  rm Gopkg.lock
 1466  ls -l
 1467  git status
 1468  git checkout master
 1469  ls
 1470  ls -l
 1471  go mod init
 1472  rm go.mod
 1473  go mod init
 1474  go mod tidy
 1475  go mod vendor
 1476  vi go.mod
 1477  ls go.mod
 1478  vi go.mod
 1479  ls
 1480  go mod vendor
 1481  vi go.mod
 1482  rm go.mod
 1483  go mod init
 1484  go init mod
 1485  go mod init
 1486  rm go.mod
 1487  go mod init
 1488  vi go.mod
 1489  ls
 1490  ls -l
 1491  git status
 1492  git checkout master
 1493  git status
 1494  git checkout master
 1495  ls Gopkg.lock
 1496  nautilus .
 1497  ls
 1498  git status
 1499  rm go.mod
 1500  ls
 1501  go mod init
 1502  vi go.mod
 1503  go mod tidy
 1504  vi go.mod
 1505  ls -l
 1506  git status
 1507  rm go.mod
 1508  go mod init
 1509  vi go.mod
 1510  rm go.mod
 1511  cd vendor
 1512  ls
 1513  cd gopkg.in
 1514  ls
 1515  cd go-yaml
 1516  ls
 1517  cd yaml.v2/
 1518  ls
 1519  cd ..
 1520  go get gopkg.in/yaml.v3
 1521  ls
 1522  cd ..
 1523  go get gopkg.in/yaml.v3
 1524  ls
 1525  cd go-yaml/
 1526  ls
 1527  git clone --single-branch --branch <branchname> <remote-repo>
 1528  git clone --single-branch --branch v3 git@github.com:go-yaml/yaml.git
 1529  ls
 1530  mv yaml yaml.v3
 1531  cd yaml.v3
 1532  ls
 1533  cd ..
 1534  cd yaml.v2
 1535  ls
 1536  cd ..
 1537  cd yaml.v3
 1538  vi README.md
 1539  cd ..
 1540  ls
 1541  vi config.go
 1542  git status
 1543  git add -A
 1544  git commit -m "Upgraded to yaml.v3"
 1545  ls
 1546  ls go.mod
 1547  go mod init
 1548  go mod tidy
 1549  cd vendor
 1550  ls
 1551  cd gopkg.in
 1552  ls
 1553  cd go-yaml
 1554  ls
 1555  rm -rf yaml.v2
 1556  cd ../../..
 1557  go mod tidy
 1558  grep -i "yaml.v2" *.*
 1559  rm go.mod
 1560  vi Gopkg.lock
 1561  grep -i "yaml.v2" *.*
 1562  vi Gopkg.toml
 1563  go mod tidy
 1564  ls
 1565  go mod init
 1566  vi go.mod
 1567  go mod tidy
 1568  vi go.mod
 1569  go mod tidy
 1570  ls
 1571  cd vendor
 1572  ls
 1573  cd gopkg.in/
 1574  ls
 1575  cd go-yaml/
 1576  ls
 1577  cd yaml.v3/
 1578  ls
 1579  vi go.mod
 1580  cat go.mod
 1581  vi go.mod
 1582  cd ..
 1583  vi go.mod
 1584  grep -i -r "gopkg.in/yaml.v3"
 1585  cd vendor
 1586  cd gopkg.in
 1587  cd go-yaml
 1588  ls
 1589  cd ..
 1590  mv go-yaml/yaml.v3 .
 1591  cd go-yaml
 1592  ls
 1593  cd ..
 1594  ls
 1595  rm go-yaml
 1596  rmdir go-yaml
 1597  cd ..
 1598  go mod tidy
 1599  vi go mod
 1600  vi go.mod
 1601  go mod tidy
 1602  cd gopkg.in
 1603  ls
 1604  cd vendor
 1605  cd gopkg.in
 1606  ls
 1607  cd yaml.v3
 1608  ls
 1609  cd ..
 1610  ls
 1611  git status
 1612  git checkout
 1613  git status
 1614  git checkout master
 1615  git status
 1616  git log
 1617  git revert
 1618  git log
 1619  !
 1620  ls
 1621  git log
 1622  git revert 0a6d4a
 1623  git log
 1624  git checkout c993222b734
 1625  git status
 1626  ls
 1627  cd ..
 1628  ls
 1629  nautilus .
 1630  git status
 1631  nautilus .
 1632  cd tilenol
 1633  git status
 1634  cd /var/www
 1635  ls
 1636  cd html
 1637  ls
 1638  cd tilenol/
 1639  ls
 1640  atom index.html
 1641  cd example
 1642  curl -XDELETE "localhost:9200/buildings"
 1643  ls
 1644  go version
 1645  cd ~go
 1646  cd /~go
 1647  echo $GOHOME
 1648  exit
 1649  ls
 1650  cd /home/David/vtms-tools
 1651  cd /home
 1652  cd David
 1653  ls
 1654  cd david
 1655  cd vtms-tools/
 1656  ls
 1657  ./all-style-layers.py https://ods-vtms-tsgl-test-3395.gdc.cloud
 1658  cd ..
 1659  cd tileserver-gl-config/
 1660  ls
 1661  cd styles-3395/
 1662  ls
 1663  ./compare-styles.py
 1664  compare-styles.py
 1665  ./compare-source-layers.py
 1666  compare-source-layers.py
 1667  ls
 1668  compare-source-layers.py OSM_Bright/style.json OSM_Positron/style.json
 1669  cd ~go/src
 1670  ls
 1671  cd ~go
 1672  cd go
 1673  cd /~go
 1674  cd ~go
 1675  cd ..
 1676  ls
 1677  cd ~go
 1678  cd ~/go
 1679  ls
 1680  cd src
 1681  ls
 1682  cd ..
 1683  cd tile
 1684  cd tilenol
 1685  ls
 1686  cd ..
 1687  cd tilenol
 1688  ls
 1689  cd example/
 1690  ls
 1691  ./geojson2tilenol.py
 1692  geojson2tilenol.py
 1693  geojson2tilenoljson.py
 1694  ls
 1695  geojson2tilenoljson.py places_a.geojson out.ndjson
 1696  ls
 1697  vi places_a.geojson
 1698  s -l
 1699  ls -l
 1700  vi places_a_nd.geojson
 1701  cd /home/david/tileserver-gl-config/
 1702  ls
 1703  cd styles-3395/
 1704  ls
 1705  cd OSM_Bright/
 1706  ls
 1707  ./group-similar-layers.py style.json
 1708  group-similar-layers.py
 1709  group-similar-layers.py style.json
 1710  group-similar-layers.py style.json > output.csv
 1711  libreoffice output.csv
 1712  layernames.py style.json
 1713  palette-style.py style.json
 1714  palette-style.py style.json --html
 1715  cd ..
 1716  ls
 1717  cd OSM_Dark_Matter/
 1718  palette-style.py style.json --html
 1719  :q
 1720  cd ..
 1721  cd temp-csv/
 1722  ls
 1723  ls -l
 1724  exit
 1725  cd /home/david/schematics
 1726  ls
 1727  rm *.csv
 1728  ./parse-server.py
 1729  parse-server.py
 1730  parse-server-3.6.py 
 1731  cd ~/tilenol
 1732  ls
 1733  git log
 1734  git checkout b5c2bd29
 1735  ls
 1736  git mod init
 1737  go mod init
 1738  ls
 1739  vi go.mod
 1740  ls -l
 1741  git log
 1742  ls
 1743  rm go.mod
 1744  ls -l
 1745  vi README.md
 1746  go mod init
 1747  go mod tidy
 1748  rm -fr vendor/
 1749  go build
 1750  git checkout b5c2bd29
 1751  ls
 1752  rm go.mod
 1753  git mod init
 1754  go mod init
 1755  go mod tidy
 1756  ls
 1757  vi go.mod
 1758  bo build
 1759  go build
 1760  go build -mod vendor
 1761  ls
 1762  go build -mod vendor github.com/StationA/tilenol
 1763  go build -mod vendor github.com/StationA/tilenol/cmd/tilenol
 1764  cd ..
 1765  nautilus .
 1766  git clone git@github.com:StationA/tilenol.git
 1767  cd tilenol
 1768  ls
 1769  git checkout b5c2bd2
 1770  ls
 1771  ls -l
 1772  git mod init
 1773  go mod init
 1774  go mod tidy
 1775  go build
 1776  vi go.mod
 1777  go build -mod vendor github.com/StationA/tilenol
 1778  go build -mod vendor github.com/StationA/tilenol/cmd/tilenol
 1779  cd server
 1780  ls
 1781  pwd
 1782  go build -mod vendor github.com/StationA/tilenol/cmd/tilenol
 1783  go build -mod vendor github.com/StationA/tilenol/cmd/tilenol github.com/stationa/tilenol/server
 1784  ls
 1785  cd /Home
 1786  cd /home/david
 1787  cd Home
 1788  ls
 1789  cd Desktop
 1790  ls
 1791  ls *.gz
 1792  ls -l *json.gz
 1793  ls places_a*
 1794  gunzip places_a_nd.geojson.gz 
 1795  ls places_a*
 1796  vi places_a_nd.geojson
 1797  cd ~/go
 1798  ls
 1799  cd bin
 1800  ls
 1801  cd ..
 1802  ls
 1803  cd src
 1804  ls
 1805  cd ..
 1806  ls
 1807  cd ..
 1808  ls
 1809  cd tilenol
 1810  ls
 1811  git status
 1812  vi Gopkg.lock
 1813  go mod init
 1814  go build ./...
 1815  vi go.mod
 1816  go build ./...
 1817  vi go.mod
 1818  cd /home/david/tileserver-gl-config/
 1819  ls
 1820  git log
 1821  git log --author Holland.David
 1822  cd ..
 1823  ls
 1824  cd vtms-tools/
 1825  ls
 1826  git pull
 1827  ls
 1828  vi target_group_health_check.py
 1829  target_group_health_check.py
 1830  ./target_group_health_check.py
 1831  sudo ./target_group_health_check.py
 1832  ./parse-style.py
 1833  vi target_group_health_check.py
 1834  mv target_group_health_check.py target-group-health-check.pyw
 1835  :
 1836  ls
 1837  mv target-group-health-check.pyw target-group-health-check.py
 1838  ls
 1839  chmod 777 target-group-health-check.py
 1840  ls
 1841  git status
 1842  git add -A
 1843  git commit -m "Added description as comments to target-group-health-check.py."
 1844  cd examples
 1845  ls
 1846  cd schema
 1847  ls
 1848  cd ..
 1849  ls
 1850  cd ..
 1851  ls
 1852  git status
 1853  git push origin dev
 1854  ls
 1855  vi all-style-layers.py
 1856  vi all-style-layers.py 
 1857  ./all-style-layers.py > out.csv
 1858  python -v
 1859  python --version
 1860  ./all-style-layers.py > out.csv
 1861  vi all-style-layers.py
 1862  ./all-style-layers.py > out.csv
 1863  vi all-style-layers.py
 1864  ./all-style-layers.py > out.csv
 1865  vi all-style-layers.py
 1866  ./all-style-layers.py > out.csv
 1867  vi all-style-layers.py
 1868  ./all-style-layers.py > out.csv
 1869  ls
 1870  vi all-style-layers.py 
 1871  vi out.csv
 1872  libreoffice out.csv
 1873  :q
 1874  ls
 1875  vi all-style-layers.py
 1876  ./all-style-layers.py > out.csv
 1877  vi all-style-layers.py
 1878  ./all-style-layers.py > out.csv
 1879  vi all-style-layers.py
 1880  python -v
 1881  python --version
 1882  vi all-style-layers.py
 1883  ls
 1884  vi all-style-layers.py
 1885  git add -A
 1886  git commit -m "Added documentation to all-style-layers.py and added a decode operation to the json ingest."
 1887  git push origin dev
 1888  vi compare-source-layers.py
 1889  cp compare-source-layers.py /usr/local/bin
 1890  ls
 1891  vi compare-source-layers.py
 1892  git add -A
 1893  vi extract-layer-style.py
 1894  git add -A
 1895  git status
 1896  vi geojson2tilenoljson.py
 1897  git add -A
 1898  git status
 1899  vi group-similar-layers.py
 1900  git status
 1901  git add -A
 1902  vi group-similar-layers.py
 1903  git add -A
 1904  git status
 1905  5~
 1906  git status
 1907  ls
 1908  vi group-sims.py 
 1909  vi group-similar-layers.py 
 1910  vi group-sims.py 
 1911  git add -A
 1912  vi json-fold.sh
 1913  vi layernames.py
 1914  git status
 1915  git add -A
 1916  ls
 1917  rm out.csv
 1918  vi make-attribmap.py 
 1919  ls
 1920  vi json-fold.sh 
 1921  grep -i "json-fold" *.py
 1922  grep -i "json-fold" *.*
 1923  vi readme.md
 1924  vi json-fold.sh
 1925  git add -A
 1926  git status
 1927  vi make-attribmap.py
 1928  vi make-colormap.py
 1929  vi make-attribmap.py
 1930  vi make-colormap.py
 1931  git add -A
 1932  ls
 1933  vi palette-style.py
 1934  git status
 1935  git add -A
 1936  ls
 1937  vi parse-schema.py
 1938  ls
 1939  rm parse-schema.py
 1940  rm parse-server.py
 1941  mv parse-server-3.6.py parse-server.py
 1942  git add -A
 1943  git status
 1944  ls
 1945  vi palette-style.py
 1946  vi parse-server-py
 1947  vi parse-server.py
 1948  git add -A
 1949  git status
 1950  vi parse-style.py
 1951  git commit -m "Added documentation to all scripts up to parse-server.py."
 1952  git push origin dev
 1953  vi target-group-health-check.py 
 1954  ls
 1955  cd ..
 1956  ls
 1957  cd ~/go
 1958  ls
 1959  cd ..
 1960  ls
 1961  cd /home
 1962  cd ..
 1963  ls
 1964  cd ~
 1965  ls
 1966  mkdir -p tmp/scratchpad/repo
 1967  cd /tmp/scratchpad/repo
 1968  cd 
 1969  mkdir -p /tmp/scratchpad/repo
 1970  cd /tmp
 1971  cd scratchpad
 1972  cd repo
 1973  ls
 1974  git init -q
 1975  git remote add origin https://github.com/my/repo
 1976  go mod init github.com/my/repo
 1977  cat <<EOF > hello.go
 1978  :q
 1979  exit()
 1980  quit()
 1981  ls
 1982  gedit hello.go
 1983  ls
 1984  go build -o hello
 1985  ./hello
 1986  ls
 1987  cat go.mod
 1988  vi go.mod
 1989  cd ~/go
 1990  ls
 1991  cd ..
 1992  ls
 1993  cd tilenol
 1994  ls
 1995  nautilus .
 1996  cd ..
 1997  ls
 1998  ~/go
 1999  ls
 2000  cd ~/go
 2001  ls
 2002  cd tilenol
 2003  go build
 2004  ls
 2005  vi go.mod
 2006  git status
 2007  git add -A
 2008  git commit -m
 2009  git commit -m "Go build."
 2010  git remote add origin git@github.com:DaveThePianoDude/tilenol.git
 2011  git remote remove origin
 2012  git remote add origin git@github.com:DaveThePianoDude/tilenol.git
 2013  ls
 2014  git status
 2015  git push origin master
 2016  git pull
 2017  git pull origin master
 2018  vi README.md 
 2019  git status
 2020  git add -A
 2021  git commit -m "Updated README"
 2022  git push origin master
 2023  ls
 2024  git log
 2025  ls
 2026  cd example
 2027  ls
 2028  ./create_index.sh
 2029  ls
 2030  tilenol run -x
 2031  cd cmd
 2032  cd ..
 2033  cd cmd
 2034  cd tilenol
 2035  ls
 2036  vi main.go
 2037  ls
 2038  cd example
 2039  ls
 2040  cd ..
 2041  cd example/
 2042  ls
 2043  vi tilenol.yml
 2044  tilenol run -x
 2045  ls
 2046  cd ..
 2047  ls
 2048  grep -i "olivi" *.*
 2049  grep -i "olivi" *.go
 2050  grep -i "olive" *.go
 2051  vi go.mod
 2052  vi es_source
 2053  vi es_source.go 
 2054  go build
 2055  vi es_source
 2056  vi es_source.go 
 2057  go build
 2058  go get gopkg.in/olivere/elastic.v7
 2059  vi go.mod
 2060  vi es_source.go 
 2061  go get gopkg.in/olivere/elastic.v7
 2062  ls
 2063  grep -i "olive" *.*
 2064  vi go.mod
 2065  rm go.mod
 2066  rm go.sum
 2067  vi es_source.go 
 2068  go build
 2069  go mod inig
 2070  go mod init
 2071  go build
 2072  ls
 2073  vi es_source.go 
 2074  ls
 2075  go build
 2076  vi es_source.go 
 2077  go build
 2078  go get gopkg.in/olivere/elastic.v7
 2079  rm go.mod
 2080  go get gopkg.in/olivere/elastic.v7
 2081  ls go.mod
 2082  go mod init
 2083  go build
 2084  rm go.mod
 2085  go build
 2086  go get -u all
 2087  ls
 2088  vi go.mod
 2089  go build
 2090  rm go.sum
 2091  ls
 2092  go build
 2093  echo $GO111MODULE
 2094  go env
 2095  :q
 2096  ls
 2097  ls -l
 2098  go build
 2099  go get gopkg.in/olivere/elastic.v7
 2100  ls
 2101  go build
 2102  go mod init
 2103  go build
 2104  ls
 2105  cd vendor
 2106  ls
 2107  cd gopkg.in/
 2108  ls
 2109  cd ..
 2110  go get gopkg.in/olivere/elastic.v7
 2111  ls
 2112  vi go.sum
 2113  rm go.sum
 2114  ls
 2115  vi go.mod
 2116  go get gopkg.in/olivere/elastic.v7
 2117  rm go.sum
 2118  rm 
 2119  rm go.mod
 2120  ls
 2121  go get gopkg.in/olivere/elastic.v7
 2122  cd vendor
 2123  ls
 2124  cd gopkg.in/
 2125  ls
 2126  cd alecthomas/
 2127  ls
 2128  cd ..
 2129  ls
 2130  cd ..
 2131  ls
 2132  go mod vendor
 2133  cd ..
 2134  go mod vendor
 2135  ls
 2136  go build
 2137  ls
 2138  go mod init
 2139  go build
 2140  cd ..
 2141  git clone git@github.com:olivere/elastic.git
 2142  cd olive
 2143  ls
 2144  cd elastic
 2145  ls
 2146  cd ..
 2147  cd tilenol
 2148  git checkout master
 2149  ls
 2150  go build
 2151  git status
 2152  git checkout origin master
 2153  git checkout master
 2154  ls
 2155  git status
 2156  go build
 2157  go get gopkg.in/olivere/elastic.v7
 2158  vi go.mod
 2159  go get gopkg.in/olivere/elastic.v7
 2160  grep -i "olive" *.*
 2161  vi go.sum
 2162  go get gopkg.in/olivere/elastic.v7
 2163  grep -i "olive" *.*
 2164  go get gopkg.in/olivere/elastic
 2165  go get github/olivere/elastic
 2166  go get github.com/olivere/elastic
 2167  vi go.mod
 2168  go get github.com/olivere/elastic.v7
 2169  go get github.com/olivere/elastic
 2170  ls
 2171  vi es_source.go 
 2172  go build
 2173  vi es_source.go 
 2174  hist
 2175  history
 2176  history > h.out
